<?xml version="1.0" encoding="utf-8" standalone="no"?>
<testsuites xmlns:xsi="http://www.w3.org/2001/XMLSchema-instance" xsi:noNamespaceSchemaLocation="junit_schema_4.xsd" name="Pester" tests="2" errors="0" failures="0" disabled="0" time="5.833">
  <testsuite name="C:\DEV\clean-code-with-powershell-and-sonarqube\example\tests\Invoke-GetGroup.Tests.ps1" tests="1" errors="0" failures="0" hostname="W-HSCH-221224-0" id="0" skipped="0" disabled="0" package="C:\DEV\clean-code-with-powershell-and-sonarqube\example\tests\Invoke-GetGroup.Tests.ps1" time="5.716">
    <properties>
      <property name="clr-version" value="4.0.30319.42000" />
      <property name="user-domain" value="AzureAD" />
      <property name="cwd" value="C:\DEV\clean-code-with-powershell-and-sonarqube\example" />
      <property name="platform" value="Microsoft Windows 11 Enterprise|C:\Windows|\Device\Harddisk0\Partition3" />
      <property name="machine-name" value="W-HSCH-221224-0" />
      <property name="os-version" value="10.0.22621" />
      <property name="junit-version" value="4" />
      <property name="user" value="HenrySchleichardt" />
    </properties>
    <testcase name="Invoke-GetGroup.Get-ADuser_returns_user_samaccountname" status="Passed" classname="C:\DEV\clean-code-with-powershell-and-sonarqube\example\tests\Invoke-GetGroup.Tests.ps1" assertions="0" time="1.331" />
  </testsuite>
  <testsuite name="C:\DEV\clean-code-with-powershell-and-sonarqube\example\tests\Invoke-GetUser.Tests.ps1" tests="1" errors="0" failures="0" hostname="W-HSCH-221224-0" id="1" skipped="0" disabled="0" package="C:\DEV\clean-code-with-powershell-and-sonarqube\example\tests\Invoke-GetUser.Tests.ps1" time="0.117">
    <properties>
      <property name="clr-version" value="4.0.30319.42000" />
      <property name="user-domain" value="AzureAD" />
      <property name="cwd" value="C:\DEV\clean-code-with-powershell-and-sonarqube\example" />
      <property name="platform" value="Microsoft Windows 11 Enterprise|C:\Windows|\Device\Harddisk0\Partition3" />
      <property name="machine-name" value="W-HSCH-221224-0" />
      <property name="os-version" value="10.0.22621" />
      <property name="junit-version" value="4" />
      <property name="user" value="HenrySchleichardt" />
    </properties>
    <testcase name="Invoke-GetUser.Get-ADuser_returns_user_samaccountname" status="Passed" classname="C:\DEV\clean-code-with-powershell-and-sonarqube\example\tests\Invoke-GetUser.Tests.ps1" assertions="0" time="0.029" />
  </testsuite>
</testsuites>